0 info it worked if it ends with ok
1 verbose cli [ '/usr/bin/node',
1 verbose cli   '/usr/bin/npm',
1 verbose cli   'install',
1 verbose cli   '-g',
1 verbose cli   'foundation-cli',
1 verbose cli   'bower',
1 verbose cli   'gulp' ]
2 info using npm@1.4.28
3 info using node@v0.10.38
4 verbose node symlink /usr/bin/node
5 verbose cache add [ 'foundation-cli', null ]
6 verbose cache add name=undefined spec="foundation-cli" args=["foundation-cli",null]
7 verbose parsed url { protocol: null,
7 verbose parsed url   slashes: null,
7 verbose parsed url   auth: null,
7 verbose parsed url   host: null,
7 verbose parsed url   port: null,
7 verbose parsed url   hostname: null,
7 verbose parsed url   hash: null,
7 verbose parsed url   search: null,
7 verbose parsed url   query: null,
7 verbose parsed url   pathname: 'foundation-cli',
7 verbose parsed url   path: 'foundation-cli',
7 verbose parsed url   href: 'foundation-cli' }
8 verbose cache add [ 'bower', null ]
9 verbose cache add name=undefined spec="bower" args=["bower",null]
10 verbose parsed url { protocol: null,
10 verbose parsed url   slashes: null,
10 verbose parsed url   auth: null,
10 verbose parsed url   host: null,
10 verbose parsed url   port: null,
10 verbose parsed url   hostname: null,
10 verbose parsed url   hash: null,
10 verbose parsed url   search: null,
10 verbose parsed url   query: null,
10 verbose parsed url   pathname: 'bower',
10 verbose parsed url   path: 'bower',
10 verbose parsed url   href: 'bower' }
11 verbose cache add [ 'gulp', null ]
12 verbose cache add name=undefined spec="gulp" args=["gulp",null]
13 verbose parsed url { protocol: null,
13 verbose parsed url   slashes: null,
13 verbose parsed url   auth: null,
13 verbose parsed url   host: null,
13 verbose parsed url   port: null,
13 verbose parsed url   hostname: null,
13 verbose parsed url   hash: null,
13 verbose parsed url   search: null,
13 verbose parsed url   query: null,
13 verbose parsed url   pathname: 'gulp',
13 verbose parsed url   path: 'gulp',
13 verbose parsed url   href: 'gulp' }
14 silly lockFile ea390e6f-foundation-cli foundation-cli
15 verbose lock foundation-cli /home/evanl/.npm/ea390e6f-foundation-cli.lock
16 silly lockFile 206e3ce5-bower bower
17 verbose lock bower /home/evanl/.npm/206e3ce5-bower.lock
18 silly lockFile 9750c68d-gulp gulp
19 verbose lock gulp /home/evanl/.npm/9750c68d-gulp.lock
20 silly lockFile ea390e6f-foundation-cli foundation-cli
21 silly lockFile ea390e6f-foundation-cli foundation-cli
22 silly lockFile 206e3ce5-bower bower
23 silly lockFile 206e3ce5-bower bower
24 verbose addNamed [ 'foundation-cli', '' ]
25 verbose addNamed [ null, '*' ]
26 silly lockFile ea593da0-foundation-cli foundation-cli@
27 verbose lock foundation-cli@ /home/evanl/.npm/ea593da0-foundation-cli.lock
28 verbose addNamed [ 'bower', '' ]
29 verbose addNamed [ null, '*' ]
30 silly lockFile 1240aab1-bower bower@
31 verbose lock bower@ /home/evanl/.npm/1240aab1-bower.lock
32 silly lockFile 9750c68d-gulp gulp
33 silly lockFile 9750c68d-gulp gulp
34 verbose addNamed [ 'gulp', '' ]
35 verbose addNamed [ null, '*' ]
36 silly lockFile 72f4391e-gulp gulp@
37 verbose lock gulp@ /home/evanl/.npm/72f4391e-gulp.lock
38 silly addNameRange { name: 'bower', range: '*', hasData: false }
39 silly addNameRange { name: 'foundation-cli', range: '*', hasData: false }
40 verbose request where is /foundation-cli
41 verbose request registry https://registry.npmjs.org/
42 verbose request id 39f9103b6c7a9ba7
43 verbose url raw /foundation-cli
44 verbose url resolving [ 'https://registry.npmjs.org/', './foundation-cli' ]
45 verbose url resolved https://registry.npmjs.org/foundation-cli
46 verbose request where is https://registry.npmjs.org/foundation-cli
47 info trying registry request attempt 1 at 01:18:44
48 http GET https://registry.npmjs.org/foundation-cli
49 silly addNameRange { name: 'gulp', range: '*', hasData: false }
50 verbose request where is /gulp
51 verbose request registry https://registry.npmjs.org/
52 verbose url raw /gulp
53 verbose url resolving [ 'https://registry.npmjs.org/', './gulp' ]
54 verbose url resolved https://registry.npmjs.org/gulp
55 verbose request where is https://registry.npmjs.org/gulp
56 info trying registry request attempt 1 at 01:18:44
57 http GET https://registry.npmjs.org/gulp
58 verbose request where is /bower
59 verbose request registry https://registry.npmjs.org/
60 verbose url raw /bower
61 verbose url resolving [ 'https://registry.npmjs.org/', './bower' ]
62 verbose url resolved https://registry.npmjs.org/bower
63 verbose request where is https://registry.npmjs.org/bower
64 info trying registry request attempt 1 at 01:18:44
65 verbose etag "O26F2LYVNSJ4250MGIDBGFL1"
66 http GET https://registry.npmjs.org/bower
67 http 200 https://registry.npmjs.org/foundation-cli
68 silly registry.get cb [ 200,
68 silly registry.get   { date: 'Thu, 16 Apr 2015 07:18:44 GMT',
68 silly registry.get     server: 'CouchDB/1.5.0 (Erlang OTP/R16B03)',
68 silly registry.get     etag: '"GFG2ELLHP8SQKTIGNKVGHLUN"',
68 silly registry.get     'content-type': 'application/json',
68 silly registry.get     'cache-control': 'max-age=60',
68 silly registry.get     'content-length': '12607',
68 silly registry.get     'accept-ranges': 'bytes',
68 silly registry.get     via: '1.1 varnish',
68 silly registry.get     age: '0',
68 silly registry.get     'x-served-by': 'cache-sjc3126-SJC',
68 silly registry.get     'x-cache': 'HIT',
68 silly registry.get     'x-cache-hits': '1',
68 silly registry.get     'x-timer': 'S1429168724.363828,VS0,VE85',
68 silly registry.get     vary: 'Accept',
68 silly registry.get     'keep-alive': 'timeout=10, max=50',
68 silly registry.get     connection: 'Keep-Alive' } ]
69 silly addNameRange number 2 { name: 'foundation-cli', range: '*', hasData: true }
70 silly addNameRange versions [ 'foundation-cli',
70 silly addNameRange   [ '0.1.0',
70 silly addNameRange     '0.2.0',
70 silly addNameRange     '1.0.0-rc.1',
70 silly addNameRange     '1.0.0',
70 silly addNameRange     '1.0.1',
70 silly addNameRange     '1.0.2',
70 silly addNameRange     '1.0.3',
70 silly addNameRange     '1.0.4',
70 silly addNameRange     '1.1.0' ] ]
71 verbose addNamed [ 'foundation-cli', '1.1.0' ]
72 verbose addNamed [ '1.1.0', '1.1.0' ]
73 silly lockFile f2c9c215-foundation-cli-1-1-0 foundation-cli@1.1.0
74 verbose lock foundation-cli@1.1.0 /home/evanl/.npm/f2c9c215-foundation-cli-1-1-0.lock
75 silly lockFile 5cf493f7-ion-cli-foundation-cli-1-1-0-tgz https://registry.npmjs.org/foundation-cli/-/foundation-cli-1.1.0.tgz
76 verbose lock https://registry.npmjs.org/foundation-cli/-/foundation-cli-1.1.0.tgz /home/evanl/.npm/5cf493f7-ion-cli-foundation-cli-1-1-0-tgz.lock
77 verbose addRemoteTarball [ 'https://registry.npmjs.org/foundation-cli/-/foundation-cli-1.1.0.tgz',
77 verbose addRemoteTarball   '3874935ce2d352546cb80a4443ad14d5a5729f19' ]
78 info retry fetch attempt 1 at 01:18:44
79 verbose fetch to= /tmp/npm-7090-n5SseTeq/registry.npmjs.org/foundation-cli/-/foundation-cli-1.1.0.tgz
80 http GET https://registry.npmjs.org/foundation-cli/-/foundation-cli-1.1.0.tgz
81 http 200 https://registry.npmjs.org/gulp
82 silly registry.get cb [ 200,
82 silly registry.get   { date: 'Thu, 16 Apr 2015 07:18:44 GMT',
82 silly registry.get     server: 'CouchDB/1.5.0 (Erlang OTP/R16B03)',
82 silly registry.get     etag: '"AZGIS71J4A7QQ4KI55E8IKA7N"',
82 silly registry.get     'content-type': 'application/json',
82 silly registry.get     'cache-control': 'max-age=60',
82 silly registry.get     'content-length': '100834',
82 silly registry.get     'accept-ranges': 'bytes',
82 silly registry.get     via: '1.1 varnish',
82 silly registry.get     age: '0',
82 silly registry.get     'x-served-by': 'cache-sjc3124-SJC',
82 silly registry.get     'x-cache': 'HIT',
82 silly registry.get     'x-cache-hits': '1',
82 silly registry.get     'x-timer': 'S1429168724.368292,VS0,VE149',
82 silly registry.get     vary: 'Accept',
82 silly registry.get     'keep-alive': 'timeout=10, max=50',
82 silly registry.get     connection: 'Keep-Alive' } ]
83 silly addNameRange number 2 { name: 'gulp', range: '*', hasData: true }
84 silly addNameRange versions [ 'gulp',
84 silly addNameRange   [ '0.0.1',
84 silly addNameRange     '0.0.2',
84 silly addNameRange     '0.0.3',
84 silly addNameRange     '0.0.4',
84 silly addNameRange     '0.0.5',
84 silly addNameRange     '0.0.7',
84 silly addNameRange     '0.0.8',
84 silly addNameRange     '0.0.9',
84 silly addNameRange     '0.1.0',
84 silly addNameRange     '0.2.0',
84 silly addNameRange     '1.0.0',
84 silly addNameRange     '1.1.0',
84 silly addNameRange     '1.2.0',
84 silly addNameRange     '1.2.1',
84 silly addNameRange     '2.0.0',
84 silly addNameRange     '2.0.1',
84 silly addNameRange     '2.1.0',
84 silly addNameRange     '2.2.0',
84 silly addNameRange     '2.3.0',
84 silly addNameRange     '2.4.0',
84 silly addNameRange     '2.4.1',
84 silly addNameRange     '2.6.0',
84 silly addNameRange     '2.6.1',
84 silly addNameRange     '2.7.0',
84 silly addNameRange     '3.0.0',
84 silly addNameRange     '3.1.1',
84 silly addNameRange     '3.1.2',
84 silly addNameRange     '3.1.3',
84 silly addNameRange     '3.1.4',
84 silly addNameRange     '3.2.0',
84 silly addNameRange     '3.2.1',
84 silly addNameRange     '3.2.2',
84 silly addNameRange     '3.2.3',
84 silly addNameRange     '3.2.4',
84 silly addNameRange     '3.2.5',
84 silly addNameRange     '3.3.0',
84 silly addNameRange     '3.3.1',
84 silly addNameRange     '3.3.2',
84 silly addNameRange     '3.3.4',
84 silly addNameRange     '3.4.0',
84 silly addNameRange     '3.5.0',
84 silly addNameRange     '3.5.1',
84 silly addNameRange     '3.5.2',
84 silly addNameRange     '3.5.5',
84 silly addNameRange     '3.5.6',
84 silly addNameRange     '3.6.0',
84 silly addNameRange     '3.6.1',
84 silly addNameRange     '3.6.2',
84 silly addNameRange     '3.7.0',
84 silly addNameRange     '3.8.0',
84 silly addNameRange     '3.8.1',
84 silly addNameRange     '3.8.2',
84 silly addNameRange     '3.8.3',
84 silly addNameRange     '3.8.4',
84 silly addNameRange     '3.8.5',
84 silly addNameRange     '3.8.6',
84 silly addNameRange     '3.8.7',
84 silly addNameRange     '3.8.8',
84 silly addNameRange     '3.8.9',
84 silly addNameRange     '3.8.10',
84 silly addNameRange     '3.8.11' ] ]
85 verbose addNamed [ 'gulp', '3.8.11' ]
86 verbose addNamed [ '3.8.11', '3.8.11' ]
87 silly lockFile 3d31ec08-gulp-3-8-11 gulp@3.8.11
88 verbose lock gulp@3.8.11 /home/evanl/.npm/3d31ec08-gulp-3-8-11.lock
89 silly lockFile 2528ddbe-y-npmjs-org-gulp-gulp-3-8-11-tgz https://registry.npmjs.org/gulp/-/gulp-3.8.11.tgz
90 verbose lock https://registry.npmjs.org/gulp/-/gulp-3.8.11.tgz /home/evanl/.npm/2528ddbe-y-npmjs-org-gulp-gulp-3-8-11-tgz.lock
91 verbose addRemoteTarball [ 'https://registry.npmjs.org/gulp/-/gulp-3.8.11.tgz',
91 verbose addRemoteTarball   'd557e0a7283eb4136491969b0497767972f1d28a' ]
92 info retry fetch attempt 1 at 01:18:44
93 verbose fetch to= /tmp/npm-7090-n5SseTeq/registry.npmjs.org/gulp/-/gulp-3.8.11.tgz
94 http GET https://registry.npmjs.org/gulp/-/gulp-3.8.11.tgz
95 http 200 https://registry.npmjs.org/foundation-cli/-/foundation-cli-1.1.0.tgz
96 silly lockFile 5cf493f7-ion-cli-foundation-cli-1-1-0-tgz https://registry.npmjs.org/foundation-cli/-/foundation-cli-1.1.0.tgz
97 silly lockFile 5cf493f7-ion-cli-foundation-cli-1-1-0-tgz https://registry.npmjs.org/foundation-cli/-/foundation-cli-1.1.0.tgz
98 silly lockFile f2c9c215-foundation-cli-1-1-0 foundation-cli@1.1.0
99 silly lockFile f2c9c215-foundation-cli-1-1-0 foundation-cli@1.1.0
100 silly lockFile ea593da0-foundation-cli foundation-cli@
101 silly lockFile ea593da0-foundation-cli foundation-cli@
102 http 200 https://registry.npmjs.org/gulp/-/gulp-3.8.11.tgz
103 silly lockFile 2528ddbe-y-npmjs-org-gulp-gulp-3-8-11-tgz https://registry.npmjs.org/gulp/-/gulp-3.8.11.tgz
104 silly lockFile 2528ddbe-y-npmjs-org-gulp-gulp-3-8-11-tgz https://registry.npmjs.org/gulp/-/gulp-3.8.11.tgz
105 silly lockFile 3d31ec08-gulp-3-8-11 gulp@3.8.11
106 silly lockFile 3d31ec08-gulp-3-8-11 gulp@3.8.11
107 silly lockFile 72f4391e-gulp gulp@
108 silly lockFile 72f4391e-gulp gulp@
109 http 200 https://registry.npmjs.org/bower
110 silly registry.get cb [ 200,
110 silly registry.get   { date: 'Thu, 16 Apr 2015 07:18:49 GMT',
110 silly registry.get     server: 'CouchDB/1.5.0 (Erlang OTP/R16B03)',
110 silly registry.get     etag: '"8ROGM9WJYQV0HUZBO1G2XATYT"',
110 silly registry.get     'content-type': 'application/json',
110 silly registry.get     'cache-control': 'max-age=60',
110 silly registry.get     'content-length': '111610',
110 silly registry.get     'accept-ranges': 'bytes',
110 silly registry.get     via: '1.1 varnish',
110 silly registry.get     age: '20',
110 silly registry.get     'x-served-by': 'cache-sjc3134-SJC',
110 silly registry.get     'x-cache': 'HIT',
110 silly registry.get     'x-cache-hits': '1',
110 silly registry.get     'x-timer': 'S1429168729.345850,VS0,VE0',
110 silly registry.get     vary: 'Accept',
110 silly registry.get     'keep-alive': 'timeout=10, max=50',
110 silly registry.get     connection: 'Keep-Alive' } ]
111 silly addNameRange number 2 { name: 'bower', range: '*', hasData: true }
112 silly addNameRange versions [ 'bower',
112 silly addNameRange   [ '0.1.0',
112 silly addNameRange     '0.1.2',
112 silly addNameRange     '0.1.3',
112 silly addNameRange     '0.2.0',
112 silly addNameRange     '0.3.0',
112 silly addNameRange     '0.3.1',
112 silly addNameRange     '0.3.2',
112 silly addNameRange     '0.4.0',
112 silly addNameRange     '0.5.0',
112 silly addNameRange     '0.5.1',
112 silly addNameRange     '0.6.0',
112 silly addNameRange     '0.6.1',
112 silly addNameRange     '0.6.2',
112 silly addNameRange     '0.6.3',
112 silly addNameRange     '0.6.4',
112 silly addNameRange     '0.6.5',
112 silly addNameRange     '0.6.6',
112 silly addNameRange     '0.6.7',
112 silly addNameRange     '0.6.8',
112 silly addNameRange     '0.7.0',
112 silly addNameRange     '0.7.1',
112 silly addNameRange     '0.8.0',
112 silly addNameRange     '0.8.1',
112 silly addNameRange     '0.8.2',
112 silly addNameRange     '0.8.3',
112 silly addNameRange     '0.8.4',
112 silly addNameRange     '0.8.5',
112 silly addNameRange     '0.8.6',
112 silly addNameRange     '0.9.0',
112 silly addNameRange     '0.9.1',
112 silly addNameRange     '0.9.2',
112 silly addNameRange     '0.10.0',
112 silly addNameRange     '1.0.0',
112 silly addNameRange     '1.0.1',
112 silly addNameRange     '1.0.2',
112 silly addNameRange     '1.0.3',
112 silly addNameRange     '1.1.0',
112 silly addNameRange     '1.1.1',
112 silly addNameRange     '1.1.2',
112 silly addNameRange     '1.2.0',
112 silly addNameRange     '1.2.1',
112 silly addNameRange     '1.2.2',
112 silly addNameRange     '1.2.3',
112 silly addNameRange     '1.2.4',
112 silly addNameRange     '1.2.5',
112 silly addNameRange     '1.2.6',
112 silly addNameRange     '1.2.7',
112 silly addNameRange     '1.2.8',
112 silly addNameRange     '1.3.0',
112 silly addNameRange     '1.3.1',
112 silly addNameRange     '1.3.2',
112 silly addNameRange     '1.3.3',
112 silly addNameRange     '1.3.4',
112 silly addNameRange     '1.3.5',
112 silly addNameRange     '1.3.6',
112 silly addNameRange     '1.3.7',
112 silly addNameRange     '1.3.8',
112 silly addNameRange     '1.3.9',
112 silly addNameRange     '1.3.10',
112 silly addNameRange     '1.3.11',
112 silly addNameRange     '1.3.12',
112 silly addNameRange     '1.4.0',
112 silly addNameRange     '1.4.1' ] ]
113 verbose addNamed [ 'bower', '1.4.1' ]
114 verbose addNamed [ '1.4.1', '1.4.1' ]
115 silly lockFile 185f46c0-bower-1-4-1 bower@1.4.1
116 verbose lock bower@1.4.1 /home/evanl/.npm/185f46c0-bower-1-4-1.lock
117 silly lockFile 185f46c0-bower-1-4-1 bower@1.4.1
118 silly lockFile 185f46c0-bower-1-4-1 bower@1.4.1
119 silly lockFile 1240aab1-bower bower@
120 silly lockFile 1240aab1-bower bower@
121 silly resolved [ { name: 'foundation-cli',
121 silly resolved     version: '1.1.0',
121 silly resolved     description: 'Command-line interface for Foundation for Apps.',
121 silly resolved     author: { name: 'ZURB' },
121 silly resolved     main: 'lib/index.js',
121 silly resolved     bin: { 'foundation-apps': './bin/cli.js' },
121 silly resolved     dependencies:
121 silly resolved      { async: '^0.9.0',
121 silly resolved        bower: '^1.3.12',
121 silly resolved        colors: '^1.0.3',
121 silly resolved        exec: '^0.1.2',
121 silly resolved        'is-root': '^1.0.0',
121 silly resolved        nopt: '^3.0.1',
121 silly resolved        npm: '^2.1.12',
121 silly resolved        open: '0.0.5',
121 silly resolved        rimraf: '^2.2.8',
121 silly resolved        semver: '^4.3.0',
121 silly resolved        'string-length': '^1.0.0',
121 silly resolved        'update-notifier': '^0.2.2',
121 silly resolved        which: '^1.0.8' },
121 silly resolved     repository: { type: 'git', url: 'https://github.com/zurb/foundation-cli' },
121 silly resolved     bugs: { url: 'https://github.com/zurb/foundation-cli/issues' },
121 silly resolved     scripts:
121 silly resolved      { postinstall: 'node lib/welcome.js',
121 silly resolved        test: 'node bin/cli.js new test --debug' },
121 silly resolved     preferGlobal: true,
121 silly resolved     engines: { node: '>=0.10.33' },
121 silly resolved     license: 'MIT',
121 silly resolved     gitHead: 'afec6dd0f3e7777b3d0bf48fe57dc7cb79e8a075',
121 silly resolved     homepage: 'https://github.com/zurb/foundation-cli',
121 silly resolved     _id: 'foundation-cli@1.1.0',
121 silly resolved     _shasum: '3874935ce2d352546cb80a4443ad14d5a5729f19',
121 silly resolved     _from: 'foundation-cli@',
121 silly resolved     _npmVersion: '2.6.0',
121 silly resolved     _nodeVersion: '0.10.33',
121 silly resolved     _npmUser: { name: 'gakimball', email: 'geoff@zurb.com' },
121 silly resolved     maintainers: [ [Object], [Object] ],
121 silly resolved     dist:
121 silly resolved      { shasum: '3874935ce2d352546cb80a4443ad14d5a5729f19',
121 silly resolved        tarball: 'http://registry.npmjs.org/foundation-cli/-/foundation-cli-1.1.0.tgz' },
121 silly resolved     directories: {},
121 silly resolved     _resolved: 'https://registry.npmjs.org/foundation-cli/-/foundation-cli-1.1.0.tgz' },
121 silly resolved   { name: 'gulp',
121 silly resolved     description: 'The streaming build system',
121 silly resolved     version: '3.8.11',
121 silly resolved     homepage: 'http://gulpjs.com',
121 silly resolved     repository: { type: 'git', url: 'https://github.com/gulpjs/gulp' },
121 silly resolved     author:
121 silly resolved      { name: 'Fractal',
121 silly resolved        email: 'contact@wearefractal.com',
121 silly resolved        url: 'http://wearefractal.com/' },
121 silly resolved     tags: [ 'build', 'stream', 'system', 'make', 'tool', 'asset', 'pipeline' ],
121 silly resolved     files: [ 'index.js', 'lib', 'bin', 'completion' ],
121 silly resolved     bin: { gulp: './bin/gulp.js' },
121 silly resolved     man: [ 'gulp.1' ],
121 silly resolved     dependencies:
121 silly resolved      { archy: '^1.0.0',
121 silly resolved        chalk: '^0.5.0',
121 silly resolved        deprecated: '^0.0.1',
121 silly resolved        'gulp-util': '^3.0.0',
121 silly resolved        interpret: '^0.3.2',
121 silly resolved        liftoff: '^2.0.1',
121 silly resolved        minimist: '^1.1.0',
121 silly resolved        orchestrator: '^0.3.0',
121 silly resolved        'pretty-hrtime': '^0.2.0',
121 silly resolved        semver: '^4.1.0',
121 silly resolved        tildify: '^1.0.0',
121 silly resolved        v8flags: '^2.0.2',
121 silly resolved        'vinyl-fs': '^0.3.0' },
121 silly resolved     devDependencies:
121 silly resolved      { coveralls: '^2.7.0',
121 silly resolved        'graceful-fs': '^3.0.0',
121 silly resolved        istanbul: '^0.3.0',
121 silly resolved        jshint: '^2.5.0',
121 silly resolved        'jshint-stylish': '^1.0.0',
121 silly resolved        'marked-man': '^0.1.3',
121 silly resolved        mkdirp: '^0.5.0',
121 silly resolved        mocha: '^2.0.1',
121 silly resolved        'mocha-lcov-reporter': '^0.0.1',
121 silly resolved        q: '^1.0.0',
121 silly resolved        rimraf: '^2.2.5',
121 silly resolved        should: '^4.0.0' },
121 silly resolved     scripts:
121 silly resolved      { prepublish: 'marked-man --name gulp docs/CLI.md > gulp.1',
121 silly resolved        lint: 'jshint lib bin index.js --reporter node_modules/jshint-stylish/stylish.js --exclude node_modules',
121 silly resolved        test: 'npm run-script lint && mocha --reporter spec',
121 silly resolved        coveralls: 'istanbul cover _mocha --report lcovonly -- -R spec && cat ./coverage/lcov.info | coveralls && rm -rf ./coverage' },
121 silly resolved     engineStrict: true,
121 silly resolved     engines: { node: '>= 0.9' },
121 silly resolved     licenses: [ [Object] ],
121 silly resolved     gitHead: '84df40b0faabc2b61d576154fd1145e2146377ca',
121 silly resolved     bugs: { url: 'https://github.com/gulpjs/gulp/issues' },
121 silly resolved     _id: 'gulp@3.8.11',
121 silly resolved     _shasum: 'd557e0a7283eb4136491969b0497767972f1d28a',
121 silly resolved     _from: 'gulp@',
121 silly resolved     _npmVersion: '2.5.1',
121 silly resolved     _nodeVersion: '0.12.0',
121 silly resolved     _npmUser: { name: 'phated', email: 'blaine@iceddev.com' },
121 silly resolved     maintainers: [ [Object], [Object] ],
121 silly resolved     dist:
121 silly resolved      { shasum: 'd557e0a7283eb4136491969b0497767972f1d28a',
121 silly resolved        tarball: 'http://registry.npmjs.org/gulp/-/gulp-3.8.11.tgz' },
121 silly resolved     directories: {},
121 silly resolved     _resolved: 'https://registry.npmjs.org/gulp/-/gulp-3.8.11.tgz' },
121 silly resolved   { name: 'bower',
121 silly resolved     version: '1.4.1',
121 silly resolved     description: 'The browser package manager',
121 silly resolved     author: { name: 'Twitter' },
121 silly resolved     licenses: [ [Object] ],
121 silly resolved     repository: { type: 'git', url: 'https://github.com/bower/bower' },
121 silly resolved     main: 'lib',
121 silly resolved     homepage: 'http://bower.io',
121 silly resolved     engines: { node: '>=0.10.0' },
121 silly resolved     dependencies:
121 silly resolved      { abbrev: '^1.0.5',
121 silly resolved        archy: '1.0.0',
121 silly resolved        'bower-config': '^0.6.1',
121 silly resolved        'bower-endpoint-parser': '^0.2.2',
121 silly resolved        'bower-json': '^0.4.0',
121 silly resolved        'bower-logger': '^0.2.2',
121 silly resolved        'bower-registry-client': '^0.3.0',
121 silly resolved        cardinal: '0.4.4',
121 silly resolved        chalk: '^1.0.0',
121 silly resolved        chmodr: '0.1.0',
121 silly resolved        configstore: '^0.3.2',
121 silly resolved        'decompress-zip': '^0.1.0',
121 silly resolved        fstream: '^1.0.3',
121 silly resolved        'fstream-ignore': '^1.0.2',
121 silly resolved        github: '^0.2.3',
121 silly resolved        glob: '^4.3.2',
121 silly resolved        'graceful-fs': '^3.0.5',
121 silly resolved        handlebars: '^2.0.0',
121 silly resolved        inquirer: '0.8.0',
121 silly resolved        insight: '^0.5.0',
121 silly resolved        'is-root': '^1.0.0',
121 silly resolved        junk: '^1.0.0',
121 silly resolved        lockfile: '^1.0.0',
121 silly resolved        'lru-cache': '^2.5.0',
121 silly resolved        mkdirp: '0.5.0',
121 silly resolved        mout: '^0.11.0',
121 silly resolved        nopt: '^3.0.1',
121 silly resolved        opn: '^1.0.1',
121 silly resolved        'p-throttler': '0.1.1',
121 silly resolved        promptly: '0.2.0',
121 silly resolved        q: '^1.1.2',
121 silly resolved        request: '2.53.0',
121 silly resolved        'request-progress': '0.3.1',
121 silly resolved        retry: '0.6.1',
121 silly resolved        rimraf: '^2.2.8',
121 silly resolved        semver: '^2.3.0',
121 silly resolved        'shell-quote': '^1.4.2',
121 silly resolved        'stringify-object': '^1.0.0',
121 silly resolved        'tar-fs': '^1.4.1',
121 silly resolved        tmp: '0.0.24',
121 silly resolved        'update-notifier': '^0.3.0',
121 silly resolved        'user-home': '^1.1.0',
121 silly resolved        which: '^1.0.8' },
121 silly resolved     devDependencies:
121 silly resolved      { chai: '^1.10.0',
121 silly resolved        coveralls: '^2.11.2',
121 silly resolved        'expect.js': '^0.3.1',
121 silly resolved        grunt: '^0.4.5',
121 silly resolved        'grunt-cli': '^0.1.13',
121 silly resolved        'grunt-contrib-jshint': '^0.10.0',
121 silly resolved        'grunt-contrib-watch': '^0.6.1',
121 silly resolved        'grunt-exec': '^0.4.6',
121 silly resolved        'grunt-simple-mocha': '^0.4.0',
121 silly resolved        istanbul: '^0.3.5',
121 silly resolved        'load-grunt-tasks': '^2.0.0',
121 silly resolved        mocha: '^2.1.0',
121 silly resolved        multiline: '^1.0.2',
121 silly resolved        nock: '^0.56.0',
121 silly resolved        'node-uuid': '^1.4.2',
121 silly resolved        proxyquire: '^1.3.0',
121 silly resolved        'spawn-sync': '^1.0.5' },
121 silly resolved     scripts: { test: 'grunt test' },
121 silly resolved     bin: { bower: 'bin/bower' },
121 silly resolved     preferGlobal: true,
121 silly resolved     gitHead: 'a1287416d40f944d58cb8f2e774e2076bfffd32f',
121 silly resolved     bugs: { url: 'https://github.com/bower/bower/issues' },
121 silly resolved     _id: 'bower@1.4.1',
121 silly resolved     _shasum: 'a18be39d030792754f30f1c5b32d37b0156ba8dd',
121 silly resolved     _from: 'bower@',
121 silly resolved     _npmVersion: '2.7.4',
121 silly resolved     _nodeVersion: '0.12.0',
121 silly resolved     _npmUser: { name: 'sheerun', email: 'sheerun@sher.pl' },
121 silly resolved     maintainers: [ [Object], [Object], [Object], [Object], [Object], [Object] ],
121 silly resolved     dist:
121 silly resolved      { shasum: 'a18be39d030792754f30f1c5b32d37b0156ba8dd',
121 silly resolved        tarball: 'http://registry.npmjs.org/bower/-/bower-1.4.1.tgz' },
121 silly resolved     directories: {},
121 silly resolved     _resolved: 'https://registry.npmjs.org/bower/-/bower-1.4.1.tgz',
121 silly resolved     readme: 'ERROR: No README data found!' } ]
122 info install foundation-cli@1.1.0 into /usr/lib
123 info install gulp@3.8.11 into /usr/lib
124 info install bower@1.4.1 into /usr/lib
125 info installOne foundation-cli@1.1.0
126 info installOne gulp@3.8.11
127 info installOne bower@1.4.1
128 verbose lib/node_modules/bower unbuild
129 verbose lib/node_modules/foundation-cli unbuild
130 verbose lib/node_modules/gulp unbuild
131 verbose tar unpack /home/evanl/.npm/foundation-cli/1.1.0/package.tgz
132 silly lockFile a8ae8ecf--lib-node-modules-foundation-cli tar:///usr/lib/node_modules/foundation-cli
133 verbose lock tar:///usr/lib/node_modules/foundation-cli /home/evanl/.npm/a8ae8ecf--lib-node-modules-foundation-cli.lock
134 silly lockFile 06ffd8b0-foundation-cli-1-1-0-package-tgz tar:///home/evanl/.npm/foundation-cli/1.1.0/package.tgz
135 verbose lock tar:///home/evanl/.npm/foundation-cli/1.1.0/package.tgz /home/evanl/.npm/06ffd8b0-foundation-cli-1-1-0-package-tgz.lock
136 verbose tar unpack /home/evanl/.npm/gulp/3.8.11/package.tgz
137 silly lockFile df399f84-tar-usr-lib-node-modules-gulp tar:///usr/lib/node_modules/gulp
138 verbose lock tar:///usr/lib/node_modules/gulp /home/evanl/.npm/df399f84-tar-usr-lib-node-modules-gulp.lock
139 silly lockFile c07aa3f6-vanl-npm-gulp-3-8-11-package-tgz tar:///home/evanl/.npm/gulp/3.8.11/package.tgz
140 verbose lock tar:///home/evanl/.npm/gulp/3.8.11/package.tgz /home/evanl/.npm/c07aa3f6-vanl-npm-gulp-3-8-11-package-tgz.lock
141 info preuninstall bower@1.4.0
142 silly gunzTarPerm modes [ '775', '664' ]
143 silly gunzTarPerm modes [ '775', '664' ]
144 info uninstall bower@1.4.0
145 verbose true,/usr/lib/node_modules,/usr/lib/node_modules unbuild bower@1.4.0
146 verbose /usr/bin,[object Object] binRoot
147 error Error: EACCES, mkdir '/usr/lib/node_modules/foundation-cli'
147 error  { [Error: EACCES, mkdir '/usr/lib/node_modules/foundation-cli']
147 error   errno: 3,
147 error   code: 'EACCES',
147 error   path: '/usr/lib/node_modules/foundation-cli',
147 error   fstream_type: 'Directory',
147 error   fstream_path: '/usr/lib/node_modules/foundation-cli',
147 error   fstream_class: 'DirWriter',
147 error   fstream_stack:
147 error    [ '/usr/lib/node_modules/npm/node_modules/fstream/lib/dir-writer.js:36:23',
147 error      '/usr/lib/node_modules/npm/node_modules/mkdirp/index.js:46:53',
147 error      'Object.oncomplete (fs.js:108:15)' ] }
148 error Please try running this command again as root/Administrator.
149 error System Linux 3.16.0-33-generic
150 error command "/usr/bin/node" "/usr/bin/npm" "install" "-g" "foundation-cli" "bower" "gulp"
151 error cwd /home/evanl/Projects/teakwood-fig2
152 error node -v v0.10.38
153 error npm -v 1.4.28
154 error path /usr/lib/node_modules/foundation-cli
155 error fstream_path /usr/lib/node_modules/foundation-cli
156 error fstream_type Directory
157 error fstream_class DirWriter
158 error code EACCES
159 error errno 3
160 error stack Error: EACCES, mkdir '/usr/lib/node_modules/foundation-cli'
161 error fstream_stack /usr/lib/node_modules/npm/node_modules/fstream/lib/dir-writer.js:36:23
161 error fstream_stack /usr/lib/node_modules/npm/node_modules/mkdirp/index.js:46:53
161 error fstream_stack Object.oncomplete (fs.js:108:15)
162 verbose exit [ 3, true ]
163 verbose lib/node_modules/bower unbuild
164 error Error: EACCES, mkdir '/usr/lib/node_modules/gulp'
164 error  { [Error: EACCES, mkdir '/usr/lib/node_modules/gulp']
164 error   errno: 3,
164 error   code: 'EACCES',
164 error   path: '/usr/lib/node_modules/gulp',
164 error   fstream_type: 'Directory',
164 error   fstream_path: '/usr/lib/node_modules/gulp',
164 error   fstream_class: 'DirWriter',
164 error   fstream_stack:
164 error    [ '/usr/lib/node_modules/npm/node_modules/fstream/lib/dir-writer.js:36:23',
164 error      '/usr/lib/node_modules/npm/node_modules/mkdirp/index.js:46:53',
164 error      'Object.oncomplete (fs.js:108:15)' ] }
165 error Please try running this command again as root/Administrator.
166 error System Linux 3.16.0-33-generic
167 error command "/usr/bin/node" "/usr/bin/npm" "install" "-g" "foundation-cli" "bower" "gulp"
168 error cwd /home/evanl/Projects/teakwood-fig2
169 error node -v v0.10.38
170 error npm -v 1.4.28
171 error path /usr/lib/node_modules/gulp
172 error fstream_path /usr/lib/node_modules/gulp
173 error fstream_type Directory
174 error fstream_class DirWriter
175 error code EACCES
176 error errno 3
177 error stack Error: EACCES, mkdir '/usr/lib/node_modules/gulp'
178 error fstream_stack /usr/lib/node_modules/npm/node_modules/fstream/lib/dir-writer.js:36:23
178 error fstream_stack /usr/lib/node_modules/npm/node_modules/mkdirp/index.js:46:53
178 error fstream_stack Object.oncomplete (fs.js:108:15)
179 verbose exit [ 3, true ]
